2023-08-23T18:15:40,973 - CPUUtilization.Percent:0.0|#Level:Host|#hostname:Arjuns-MacBook.local,timestamp:1692828940
2023-08-23T18:15:40,974 - DiskAvailable.Gigabytes:67.66185760498047|#Level:Host|#hostname:Arjuns-MacBook.local,timestamp:1692828940
2023-08-23T18:15:40,974 - DiskUsage.Gigabytes:20.61410903930664|#Level:Host|#hostname:Arjuns-MacBook.local,timestamp:1692828940
2023-08-23T18:15:40,975 - DiskUtilization.Percent:23.4|#Level:Host|#hostname:Arjuns-MacBook.local,timestamp:1692828940
2023-08-23T18:15:40,975 - MemoryAvailable.Megabytes:343.4375|#Level:Host|#hostname:Arjuns-MacBook.local,timestamp:1692828940
2023-08-23T18:15:40,975 - MemoryUsed.Megabytes:663.30859375|#Level:Host|#hostname:Arjuns-MacBook.local,timestamp:1692828940
2023-08-23T18:15:40,975 - MemoryUtilization.Percent:95.8|#Level:Host|#hostname:Arjuns-MacBook.local,timestamp:1692828940
2023-08-23T18:21:07,737 - CPUUtilization.Percent:0.0|#Level:Host|#hostname:Arjuns-MacBook.local,timestamp:1692829267
2023-08-23T18:21:07,739 - DiskAvailable.Gigabytes:67.64232635498047|#Level:Host|#hostname:Arjuns-MacBook.local,timestamp:1692829267
2023-08-23T18:21:07,740 - DiskUsage.Gigabytes:20.61410903930664|#Level:Host|#hostname:Arjuns-MacBook.local,timestamp:1692829267
2023-08-23T18:21:07,740 - DiskUtilization.Percent:23.4|#Level:Host|#hostname:Arjuns-MacBook.local,timestamp:1692829267
2023-08-23T18:21:07,740 - MemoryAvailable.Megabytes:347.31640625|#Level:Host|#hostname:Arjuns-MacBook.local,timestamp:1692829267
2023-08-23T18:21:07,740 - MemoryUsed.Megabytes:637.2578125|#Level:Host|#hostname:Arjuns-MacBook.local,timestamp:1692829267
2023-08-23T18:21:07,740 - MemoryUtilization.Percent:95.8|#Level:Host|#hostname:Arjuns-MacBook.local,timestamp:1692829267
2023-08-23T18:30:37,556 - CPUUtilization.Percent:25.0|#Level:Host|#hostname:Arjuns-MacBook.local,timestamp:1692829837
2023-08-23T18:30:37,557 - DiskAvailable.Gigabytes:67.68512344360352|#Level:Host|#hostname:Arjuns-MacBook.local,timestamp:1692829837
2023-08-23T18:30:37,557 - DiskUsage.Gigabytes:20.61410903930664|#Level:Host|#hostname:Arjuns-MacBook.local,timestamp:1692829837
2023-08-23T18:30:37,557 - DiskUtilization.Percent:23.3|#Level:Host|#hostname:Arjuns-MacBook.local,timestamp:1692829837
2023-08-23T18:30:37,558 - MemoryAvailable.Megabytes:328.76171875|#Level:Host|#hostname:Arjuns-MacBook.local,timestamp:1692829837
2023-08-23T18:30:37,558 - MemoryUsed.Megabytes:664.91796875|#Level:Host|#hostname:Arjuns-MacBook.local,timestamp:1692829837
2023-08-23T18:30:37,558 - MemoryUtilization.Percent:96.0|#Level:Host|#hostname:Arjuns-MacBook.local,timestamp:1692829837
2023-08-23T18:31:37,054 - CPUUtilization.Percent:0.0|#Level:Host|#hostname:Arjuns-MacBook.local,timestamp:1692829897
2023-08-23T18:31:37,055 - DiskAvailable.Gigabytes:67.71791458129883|#Level:Host|#hostname:Arjuns-MacBook.local,timestamp:1692829897
2023-08-23T18:31:37,055 - DiskUsage.Gigabytes:20.61410903930664|#Level:Host|#hostname:Arjuns-MacBook.local,timestamp:1692829897
2023-08-23T18:31:37,055 - DiskUtilization.Percent:23.3|#Level:Host|#hostname:Arjuns-MacBook.local,timestamp:1692829897
2023-08-23T18:31:37,055 - MemoryAvailable.Megabytes:423.1640625|#Level:Host|#hostname:Arjuns-MacBook.local,timestamp:1692829897
2023-08-23T18:31:37,055 - MemoryUsed.Megabytes:723.0234375|#Level:Host|#hostname:Arjuns-MacBook.local,timestamp:1692829897
2023-08-23T18:31:37,055 - MemoryUtilization.Percent:94.8|#Level:Host|#hostname:Arjuns-MacBook.local,timestamp:1692829897
2023-08-23T18:32:36,998 - CPUUtilization.Percent:0.0|#Level:Host|#hostname:Arjuns-MacBook.local,timestamp:1692829956
2023-08-23T18:32:36,999 - DiskAvailable.Gigabytes:67.71706008911133|#Level:Host|#hostname:Arjuns-MacBook.local,timestamp:1692829956
2023-08-23T18:32:36,999 - DiskUsage.Gigabytes:20.61410903930664|#Level:Host|#hostname:Arjuns-MacBook.local,timestamp:1692829956
2023-08-23T18:32:36,999 - DiskUtilization.Percent:23.3|#Level:Host|#hostname:Arjuns-MacBook.local,timestamp:1692829956
2023-08-23T18:32:36,999 - MemoryAvailable.Megabytes:432.875|#Level:Host|#hostname:Arjuns-MacBook.local,timestamp:1692829956
2023-08-23T18:32:37,000 - MemoryUsed.Megabytes:755.3046875|#Level:Host|#hostname:Arjuns-MacBook.local,timestamp:1692829957
2023-08-23T18:32:37,000 - MemoryUtilization.Percent:94.7|#Level:Host|#hostname:Arjuns-MacBook.local,timestamp:1692829957
2023-08-23T18:33:37,027 - CPUUtilization.Percent:50.0|#Level:Host|#hostname:Arjuns-MacBook.local,timestamp:1692830017
2023-08-23T18:33:37,028 - DiskAvailable.Gigabytes:67.71617889404297|#Level:Host|#hostname:Arjuns-MacBook.local,timestamp:1692830017
2023-08-23T18:33:37,028 - DiskUsage.Gigabytes:20.61410903930664|#Level:Host|#hostname:Arjuns-MacBook.local,timestamp:1692830017
2023-08-23T18:33:37,028 - DiskUtilization.Percent:23.3|#Level:Host|#hostname:Arjuns-MacBook.local,timestamp:1692830017
2023-08-23T18:33:37,028 - MemoryAvailable.Megabytes:416.05078125|#Level:Host|#hostname:Arjuns-MacBook.local,timestamp:1692830017
2023-08-23T18:33:37,029 - MemoryUsed.Megabytes:717.78515625|#Level:Host|#hostname:Arjuns-MacBook.local,timestamp:1692830017
2023-08-23T18:33:37,029 - MemoryUtilization.Percent:94.9|#Level:Host|#hostname:Arjuns-MacBook.local,timestamp:1692830017
2023-08-23T18:34:37,006 - CPUUtilization.Percent:0.0|#Level:Host|#hostname:Arjuns-MacBook.local,timestamp:1692830077
2023-08-23T18:34:37,006 - DiskAvailable.Gigabytes:67.71661758422852|#Level:Host|#hostname:Arjuns-MacBook.local,timestamp:1692830077
2023-08-23T18:34:37,006 - DiskUsage.Gigabytes:20.61410903930664|#Level:Host|#hostname:Arjuns-MacBook.local,timestamp:1692830077
2023-08-23T18:34:37,006 - DiskUtilization.Percent:23.3|#Level:Host|#hostname:Arjuns-MacBook.local,timestamp:1692830077
2023-08-23T18:34:37,006 - MemoryAvailable.Megabytes:401.375|#Level:Host|#hostname:Arjuns-MacBook.local,timestamp:1692830077
2023-08-23T18:34:37,006 - MemoryUsed.Megabytes:724.828125|#Level:Host|#hostname:Arjuns-MacBook.local,timestamp:1692830077
2023-08-23T18:34:37,007 - MemoryUtilization.Percent:95.1|#Level:Host|#hostname:Arjuns-MacBook.local,timestamp:1692830077
2023-08-23T18:35:37,017 - CPUUtilization.Percent:0.0|#Level:Host|#hostname:Arjuns-MacBook.local,timestamp:1692830137
2023-08-23T18:35:37,018 - DiskAvailable.Gigabytes:67.71452713012695|#Level:Host|#hostname:Arjuns-MacBook.local,timestamp:1692830137
2023-08-23T18:35:37,018 - DiskUsage.Gigabytes:20.61410903930664|#Level:Host|#hostname:Arjuns-MacBook.local,timestamp:1692830137
2023-08-23T18:35:37,018 - DiskUtilization.Percent:23.3|#Level:Host|#hostname:Arjuns-MacBook.local,timestamp:1692830137
2023-08-23T18:35:37,018 - MemoryAvailable.Megabytes:413.30859375|#Level:Host|#hostname:Arjuns-MacBook.local,timestamp:1692830137
2023-08-23T18:35:37,019 - MemoryUsed.Megabytes:715.921875|#Level:Host|#hostname:Arjuns-MacBook.local,timestamp:1692830137
2023-08-23T18:35:37,019 - MemoryUtilization.Percent:95.0|#Level:Host|#hostname:Arjuns-MacBook.local,timestamp:1692830137
2023-08-23T18:36:37,009 - CPUUtilization.Percent:50.0|#Level:Host|#hostname:Arjuns-MacBook.local,timestamp:1692830197
2023-08-23T18:36:37,009 - DiskAvailable.Gigabytes:67.71450805664062|#Level:Host|#hostname:Arjuns-MacBook.local,timestamp:1692830197
2023-08-23T18:36:37,009 - DiskUsage.Gigabytes:20.61410903930664|#Level:Host|#hostname:Arjuns-MacBook.local,timestamp:1692830197
2023-08-23T18:36:37,009 - DiskUtilization.Percent:23.3|#Level:Host|#hostname:Arjuns-MacBook.local,timestamp:1692830197
2023-08-23T18:36:37,010 - MemoryAvailable.Megabytes:416.51171875|#Level:Host|#hostname:Arjuns-MacBook.local,timestamp:1692830197
2023-08-23T18:36:37,010 - MemoryUsed.Megabytes:701.3203125|#Level:Host|#hostname:Arjuns-MacBook.local,timestamp:1692830197
2023-08-23T18:36:37,010 - MemoryUtilization.Percent:94.9|#Level:Host|#hostname:Arjuns-MacBook.local,timestamp:1692830197
2023-08-23T18:37:37,016 - CPUUtilization.Percent:0.0|#Level:Host|#hostname:Arjuns-MacBook.local,timestamp:1692830257
2023-08-23T18:37:37,016 - DiskAvailable.Gigabytes:67.71352767944336|#Level:Host|#hostname:Arjuns-MacBook.local,timestamp:1692830257
2023-08-23T18:37:37,017 - DiskUsage.Gigabytes:20.61410903930664|#Level:Host|#hostname:Arjuns-MacBook.local,timestamp:1692830257
2023-08-23T18:37:37,017 - DiskUtilization.Percent:23.3|#Level:Host|#hostname:Arjuns-MacBook.local,timestamp:1692830257
2023-08-23T18:37:37,017 - MemoryAvailable.Megabytes:424.4375|#Level:Host|#hostname:Arjuns-MacBook.local,timestamp:1692830257
2023-08-23T18:37:37,017 - MemoryUsed.Megabytes:718.39453125|#Level:Host|#hostname:Arjuns-MacBook.local,timestamp:1692830257
2023-08-23T18:37:37,017 - MemoryUtilization.Percent:94.8|#Level:Host|#hostname:Arjuns-MacBook.local,timestamp:1692830257
2023-08-23T18:38:37,022 - CPUUtilization.Percent:0.0|#Level:Host|#hostname:Arjuns-MacBook.local,timestamp:1692830317
2023-08-23T18:38:37,022 - DiskAvailable.Gigabytes:67.71245574951172|#Level:Host|#hostname:Arjuns-MacBook.local,timestamp:1692830317
2023-08-23T18:38:37,022 - DiskUsage.Gigabytes:20.61410903930664|#Level:Host|#hostname:Arjuns-MacBook.local,timestamp:1692830317
2023-08-23T18:38:37,022 - DiskUtilization.Percent:23.3|#Level:Host|#hostname:Arjuns-MacBook.local,timestamp:1692830317
2023-08-23T18:38:37,022 - MemoryAvailable.Megabytes:423.484375|#Level:Host|#hostname:Arjuns-MacBook.local,timestamp:1692830317
2023-08-23T18:38:37,022 - MemoryUsed.Megabytes:742.734375|#Level:Host|#hostname:Arjuns-MacBook.local,timestamp:1692830317
2023-08-23T18:38:37,023 - MemoryUtilization.Percent:94.8|#Level:Host|#hostname:Arjuns-MacBook.local,timestamp:1692830317
2023-08-23T18:39:37,027 - CPUUtilization.Percent:0.0|#Level:Host|#hostname:Arjuns-MacBook.local,timestamp:1692830377
2023-08-23T18:39:37,027 - DiskAvailable.Gigabytes:67.71235275268555|#Level:Host|#hostname:Arjuns-MacBook.local,timestamp:1692830377
2023-08-23T18:39:37,027 - DiskUsage.Gigabytes:20.61410903930664|#Level:Host|#hostname:Arjuns-MacBook.local,timestamp:1692830377
2023-08-23T18:39:37,027 - DiskUtilization.Percent:23.3|#Level:Host|#hostname:Arjuns-MacBook.local,timestamp:1692830377
2023-08-23T18:39:37,027 - MemoryAvailable.Megabytes:457.1015625|#Level:Host|#hostname:Arjuns-MacBook.local,timestamp:1692830377
2023-08-23T18:39:37,027 - MemoryUsed.Megabytes:669.48828125|#Level:Host|#hostname:Arjuns-MacBook.local,timestamp:1692830377
2023-08-23T18:39:37,028 - MemoryUtilization.Percent:94.4|#Level:Host|#hostname:Arjuns-MacBook.local,timestamp:1692830377
2023-08-23T18:40:37,035 - CPUUtilization.Percent:0.0|#Level:Host|#hostname:Arjuns-MacBook.local,timestamp:1692830437
2023-08-23T18:40:37,036 - DiskAvailable.Gigabytes:67.71148300170898|#Level:Host|#hostname:Arjuns-MacBook.local,timestamp:1692830437
2023-08-23T18:40:37,036 - DiskUsage.Gigabytes:20.61410903930664|#Level:Host|#hostname:Arjuns-MacBook.local,timestamp:1692830437
2023-08-23T18:40:37,036 - DiskUtilization.Percent:23.3|#Level:Host|#hostname:Arjuns-MacBook.local,timestamp:1692830437
2023-08-23T18:40:37,036 - MemoryAvailable.Megabytes:436.1875|#Level:Host|#hostname:Arjuns-MacBook.local,timestamp:1692830437
2023-08-23T18:40:37,036 - MemoryUsed.Megabytes:730.140625|#Level:Host|#hostname:Arjuns-MacBook.local,timestamp:1692830437
2023-08-23T18:40:37,036 - MemoryUtilization.Percent:94.7|#Level:Host|#hostname:Arjuns-MacBook.local,timestamp:1692830437
2023-08-23T18:41:37,046 - CPUUtilization.Percent:0.0|#Level:Host|#hostname:Arjuns-MacBook.local,timestamp:1692830497
2023-08-23T18:41:37,047 - DiskAvailable.Gigabytes:67.71145629882812|#Level:Host|#hostname:Arjuns-MacBook.local,timestamp:1692830497
2023-08-23T18:41:37,047 - DiskUsage.Gigabytes:20.61410903930664|#Level:Host|#hostname:Arjuns-MacBook.local,timestamp:1692830497
2023-08-23T18:41:37,047 - DiskUtilization.Percent:23.3|#Level:Host|#hostname:Arjuns-MacBook.local,timestamp:1692830497
2023-08-23T18:41:37,047 - MemoryAvailable.Megabytes:432.6328125|#Level:Host|#hostname:Arjuns-MacBook.local,timestamp:1692830497
2023-08-23T18:41:37,047 - MemoryUsed.Megabytes:725.01953125|#Level:Host|#hostname:Arjuns-MacBook.local,timestamp:1692830497
2023-08-23T18:41:37,047 - MemoryUtilization.Percent:94.7|#Level:Host|#hostname:Arjuns-MacBook.local,timestamp:1692830497
2023-08-23T18:42:37,026 - CPUUtilization.Percent:0.0|#Level:Host|#hostname:Arjuns-MacBook.local,timestamp:1692830557
2023-08-23T18:42:37,027 - DiskAvailable.Gigabytes:67.71144104003906|#Level:Host|#hostname:Arjuns-MacBook.local,timestamp:1692830557
2023-08-23T18:42:37,027 - DiskUsage.Gigabytes:20.61410903930664|#Level:Host|#hostname:Arjuns-MacBook.local,timestamp:1692830557
2023-08-23T18:42:37,027 - DiskUtilization.Percent:23.3|#Level:Host|#hostname:Arjuns-MacBook.local,timestamp:1692830557
2023-08-23T18:42:37,027 - MemoryAvailable.Megabytes:425.91796875|#Level:Host|#hostname:Arjuns-MacBook.local,timestamp:1692830557
2023-08-23T18:42:37,028 - MemoryUsed.Megabytes:727.4296875|#Level:Host|#hostname:Arjuns-MacBook.local,timestamp:1692830557
2023-08-23T18:42:37,028 - MemoryUtilization.Percent:94.8|#Level:Host|#hostname:Arjuns-MacBook.local,timestamp:1692830557
2023-08-23T18:43:37,032 - CPUUtilization.Percent:100.0|#Level:Host|#hostname:Arjuns-MacBook.local,timestamp:1692830617
2023-08-23T18:43:37,032 - DiskAvailable.Gigabytes:67.71138381958008|#Level:Host|#hostname:Arjuns-MacBook.local,timestamp:1692830617
2023-08-23T18:43:37,033 - DiskUsage.Gigabytes:20.61410903930664|#Level:Host|#hostname:Arjuns-MacBook.local,timestamp:1692830617
2023-08-23T18:43:37,033 - DiskUtilization.Percent:23.3|#Level:Host|#hostname:Arjuns-MacBook.local,timestamp:1692830617
2023-08-23T18:43:37,033 - MemoryAvailable.Megabytes:433.78515625|#Level:Host|#hostname:Arjuns-MacBook.local,timestamp:1692830617
2023-08-23T18:43:37,033 - MemoryUsed.Megabytes:732.29296875|#Level:Host|#hostname:Arjuns-MacBook.local,timestamp:1692830617
2023-08-23T18:43:37,033 - MemoryUtilization.Percent:94.7|#Level:Host|#hostname:Arjuns-MacBook.local,timestamp:1692830617
2023-08-23T18:44:37,052 - CPUUtilization.Percent:33.3|#Level:Host|#hostname:Arjuns-MacBook.local,timestamp:1692830677
2023-08-23T18:44:37,053 - DiskAvailable.Gigabytes:67.71102142333984|#Level:Host|#hostname:Arjuns-MacBook.local,timestamp:1692830677
2023-08-23T18:44:37,053 - DiskUsage.Gigabytes:20.61410903930664|#Level:Host|#hostname:Arjuns-MacBook.local,timestamp:1692830677
2023-08-23T18:44:37,053 - DiskUtilization.Percent:23.3|#Level:Host|#hostname:Arjuns-MacBook.local,timestamp:1692830677
2023-08-23T18:44:37,053 - MemoryAvailable.Megabytes:450.8984375|#Level:Host|#hostname:Arjuns-MacBook.local,timestamp:1692830677
2023-08-23T18:44:37,053 - MemoryUsed.Megabytes:722.49609375|#Level:Host|#hostname:Arjuns-MacBook.local,timestamp:1692830677
2023-08-23T18:44:37,054 - MemoryUtilization.Percent:94.5|#Level:Host|#hostname:Arjuns-MacBook.local,timestamp:1692830677
2023-08-23T18:45:37,011 - CPUUtilization.Percent:0.0|#Level:Host|#hostname:Arjuns-MacBook.local,timestamp:1692830737
2023-08-23T18:45:37,012 - DiskAvailable.Gigabytes:67.71100997924805|#Level:Host|#hostname:Arjuns-MacBook.local,timestamp:1692830737
2023-08-23T18:45:37,012 - DiskUsage.Gigabytes:20.61410903930664|#Level:Host|#hostname:Arjuns-MacBook.local,timestamp:1692830737
2023-08-23T18:45:37,012 - DiskUtilization.Percent:23.3|#Level:Host|#hostname:Arjuns-MacBook.local,timestamp:1692830737
2023-08-23T18:45:37,012 - MemoryAvailable.Megabytes:444.26953125|#Level:Host|#hostname:Arjuns-MacBook.local,timestamp:1692830737
2023-08-23T18:45:37,012 - MemoryUsed.Megabytes:742.61328125|#Level:Host|#hostname:Arjuns-MacBook.local,timestamp:1692830737
2023-08-23T18:45:37,012 - MemoryUtilization.Percent:94.6|#Level:Host|#hostname:Arjuns-MacBook.local,timestamp:1692830737
2023-08-23T18:46:37,043 - CPUUtilization.Percent:0.0|#Level:Host|#hostname:Arjuns-MacBook.local,timestamp:1692830797
2023-08-23T18:46:37,044 - DiskAvailable.Gigabytes:67.71438598632812|#Level:Host|#hostname:Arjuns-MacBook.local,timestamp:1692830797
2023-08-23T18:46:37,044 - DiskUsage.Gigabytes:20.61410903930664|#Level:Host|#hostname:Arjuns-MacBook.local,timestamp:1692830797
2023-08-23T18:46:37,044 - DiskUtilization.Percent:23.3|#Level:Host|#hostname:Arjuns-MacBook.local,timestamp:1692830797
2023-08-23T18:46:37,045 - MemoryAvailable.Megabytes:426.04296875|#Level:Host|#hostname:Arjuns-MacBook.local,timestamp:1692830797
2023-08-23T18:46:37,045 - MemoryUsed.Megabytes:720.80859375|#Level:Host|#hostname:Arjuns-MacBook.local,timestamp:1692830797
2023-08-23T18:46:37,045 - MemoryUtilization.Percent:94.8|#Level:Host|#hostname:Arjuns-MacBook.local,timestamp:1692830797
2023-08-23T18:47:37,032 - CPUUtilization.Percent:0.0|#Level:Host|#hostname:Arjuns-MacBook.local,timestamp:1692830857
2023-08-23T18:47:37,034 - DiskAvailable.Gigabytes:67.71331024169922|#Level:Host|#hostname:Arjuns-MacBook.local,timestamp:1692830857
2023-08-23T18:47:37,034 - DiskUsage.Gigabytes:20.61410903930664|#Level:Host|#hostname:Arjuns-MacBook.local,timestamp:1692830857
2023-08-23T18:47:37,034 - DiskUtilization.Percent:23.3|#Level:Host|#hostname:Arjuns-MacBook.local,timestamp:1692830857
2023-08-23T18:47:37,034 - MemoryAvailable.Megabytes:433.48828125|#Level:Host|#hostname:Arjuns-MacBook.local,timestamp:1692830857
2023-08-23T18:47:37,034 - MemoryUsed.Megabytes:726.25|#Level:Host|#hostname:Arjuns-MacBook.local,timestamp:1692830857
2023-08-23T18:47:37,034 - MemoryUtilization.Percent:94.7|#Level:Host|#hostname:Arjuns-MacBook.local,timestamp:1692830857
2023-08-23T18:48:58,404 - CPUUtilization.Percent:100.0|#Level:Host|#hostname:Arjuns-MacBook.local,timestamp:1692830938
2023-08-23T18:48:58,405 - DiskAvailable.Gigabytes:67.70355987548828|#Level:Host|#hostname:Arjuns-MacBook.local,timestamp:1692830938
2023-08-23T18:48:58,405 - DiskUsage.Gigabytes:20.61410903930664|#Level:Host|#hostname:Arjuns-MacBook.local,timestamp:1692830938
2023-08-23T18:48:58,405 - DiskUtilization.Percent:23.3|#Level:Host|#hostname:Arjuns-MacBook.local,timestamp:1692830938
2023-08-23T18:48:58,405 - MemoryAvailable.Megabytes:392.48046875|#Level:Host|#hostname:Arjuns-MacBook.local,timestamp:1692830938
2023-08-23T18:48:58,405 - MemoryUsed.Megabytes:678.62890625|#Level:Host|#hostname:Arjuns-MacBook.local,timestamp:1692830938
2023-08-23T18:48:58,406 - MemoryUtilization.Percent:95.2|#Level:Host|#hostname:Arjuns-MacBook.local,timestamp:1692830938
2023-08-23T18:55:15,376 - CPUUtilization.Percent:0.0|#Level:Host|#hostname:Arjuns-MacBook.local,timestamp:1692831315
2023-08-23T18:55:15,377 - DiskAvailable.Gigabytes:67.69849014282227|#Level:Host|#hostname:Arjuns-MacBook.local,timestamp:1692831315
2023-08-23T18:55:15,377 - DiskUsage.Gigabytes:20.61410903930664|#Level:Host|#hostname:Arjuns-MacBook.local,timestamp:1692831315
2023-08-23T18:55:15,377 - DiskUtilization.Percent:23.3|#Level:Host|#hostname:Arjuns-MacBook.local,timestamp:1692831315
2023-08-23T18:55:15,377 - MemoryAvailable.Megabytes:402.90234375|#Level:Host|#hostname:Arjuns-MacBook.local,timestamp:1692831315
2023-08-23T18:55:15,377 - MemoryUsed.Megabytes:689.4375|#Level:Host|#hostname:Arjuns-MacBook.local,timestamp:1692831315
2023-08-23T18:55:15,377 - MemoryUtilization.Percent:95.1|#Level:Host|#hostname:Arjuns-MacBook.local,timestamp:1692831315
2023-08-23T18:57:46,616 - CPUUtilization.Percent:0.0|#Level:Host|#hostname:Arjuns-MacBook.local,timestamp:1692831466
2023-08-23T18:57:46,617 - DiskAvailable.Gigabytes:67.70176315307617|#Level:Host|#hostname:Arjuns-MacBook.local,timestamp:1692831466
2023-08-23T18:57:46,617 - DiskUsage.Gigabytes:20.61410903930664|#Level:Host|#hostname:Arjuns-MacBook.local,timestamp:1692831466
2023-08-23T18:57:46,617 - DiskUtilization.Percent:23.3|#Level:Host|#hostname:Arjuns-MacBook.local,timestamp:1692831466
2023-08-23T18:57:46,617 - MemoryAvailable.Megabytes:407.34765625|#Level:Host|#hostname:Arjuns-MacBook.local,timestamp:1692831466
2023-08-23T18:57:46,617 - MemoryUsed.Megabytes:689.51953125|#Level:Host|#hostname:Arjuns-MacBook.local,timestamp:1692831466
2023-08-23T18:57:46,617 - MemoryUtilization.Percent:95.0|#Level:Host|#hostname:Arjuns-MacBook.local,timestamp:1692831466
2023-08-23T18:59:13,822 - CPUUtilization.Percent:50.0|#Level:Host|#hostname:Arjuns-MacBook.local,timestamp:1692831553
2023-08-23T18:59:13,825 - DiskAvailable.Gigabytes:67.70049285888672|#Level:Host|#hostname:Arjuns-MacBook.local,timestamp:1692831553
2023-08-23T18:59:13,825 - DiskUsage.Gigabytes:20.61410903930664|#Level:Host|#hostname:Arjuns-MacBook.local,timestamp:1692831553
2023-08-23T18:59:13,825 - DiskUtilization.Percent:23.3|#Level:Host|#hostname:Arjuns-MacBook.local,timestamp:1692831553
2023-08-23T18:59:13,825 - MemoryAvailable.Megabytes:400.7109375|#Level:Host|#hostname:Arjuns-MacBook.local,timestamp:1692831553
2023-08-23T18:59:13,825 - MemoryUsed.Megabytes:683.6875|#Level:Host|#hostname:Arjuns-MacBook.local,timestamp:1692831553
2023-08-23T18:59:13,825 - MemoryUtilization.Percent:95.1|#Level:Host|#hostname:Arjuns-MacBook.local,timestamp:1692831553
2023-08-23T19:02:00,218 - CPUUtilization.Percent:0.0|#Level:Host|#hostname:Arjuns-MacBook.local,timestamp:1692831720
2023-08-23T19:02:00,218 - DiskAvailable.Gigabytes:67.7054557800293|#Level:Host|#hostname:Arjuns-MacBook.local,timestamp:1692831720
2023-08-23T19:02:00,219 - DiskUsage.Gigabytes:20.61410903930664|#Level:Host|#hostname:Arjuns-MacBook.local,timestamp:1692831720
2023-08-23T19:02:00,219 - DiskUtilization.Percent:23.3|#Level:Host|#hostname:Arjuns-MacBook.local,timestamp:1692831720
2023-08-23T19:02:00,219 - MemoryAvailable.Megabytes:411.7890625|#Level:Host|#hostname:Arjuns-MacBook.local,timestamp:1692831720
2023-08-23T19:02:00,219 - MemoryUsed.Megabytes:696.7265625|#Level:Host|#hostname:Arjuns-MacBook.local,timestamp:1692831720
2023-08-23T19:02:00,219 - MemoryUtilization.Percent:95.0|#Level:Host|#hostname:Arjuns-MacBook.local,timestamp:1692831720
2023-08-23T19:18:01,003 - CPUUtilization.Percent:100.0|#Level:Host|#hostname:Arjuns-MacBook.local,timestamp:1692832681
2023-08-23T19:18:01,004 - DiskAvailable.Gigabytes:67.71137619018555|#Level:Host|#hostname:Arjuns-MacBook.local,timestamp:1692832681
2023-08-23T19:18:01,004 - DiskUsage.Gigabytes:20.61410903930664|#Level:Host|#hostname:Arjuns-MacBook.local,timestamp:1692832681
2023-08-23T19:18:01,004 - DiskUtilization.Percent:23.3|#Level:Host|#hostname:Arjuns-MacBook.local,timestamp:1692832681
2023-08-23T19:18:01,004 - MemoryAvailable.Megabytes:375.359375|#Level:Host|#hostname:Arjuns-MacBook.local,timestamp:1692832681
2023-08-23T19:18:01,004 - MemoryUsed.Megabytes:666.80859375|#Level:Host|#hostname:Arjuns-MacBook.local,timestamp:1692832681
2023-08-23T19:18:01,004 - MemoryUtilization.Percent:95.4|#Level:Host|#hostname:Arjuns-MacBook.local,timestamp:1692832681
2023-08-23T19:19:00,989 - CPUUtilization.Percent:50.0|#Level:Host|#hostname:Arjuns-MacBook.local,timestamp:1692832740
2023-08-23T19:19:00,990 - DiskAvailable.Gigabytes:67.72088241577148|#Level:Host|#hostname:Arjuns-MacBook.local,timestamp:1692832740
2023-08-23T19:19:00,990 - DiskUsage.Gigabytes:20.61410903930664|#Level:Host|#hostname:Arjuns-MacBook.local,timestamp:1692832740
2023-08-23T19:19:00,990 - DiskUtilization.Percent:23.3|#Level:Host|#hostname:Arjuns-MacBook.local,timestamp:1692832740
2023-08-23T19:19:00,990 - MemoryAvailable.Megabytes:418.8515625|#Level:Host|#hostname:Arjuns-MacBook.local,timestamp:1692832740
2023-08-23T19:19:00,990 - MemoryUsed.Megabytes:704.69140625|#Level:Host|#hostname:Arjuns-MacBook.local,timestamp:1692832740
2023-08-23T19:19:00,990 - MemoryUtilization.Percent:94.9|#Level:Host|#hostname:Arjuns-MacBook.local,timestamp:1692832740
2023-08-23T19:20:00,964 - CPUUtilization.Percent:0.0|#Level:Host|#hostname:Arjuns-MacBook.local,timestamp:1692832800
2023-08-23T19:20:00,964 - DiskAvailable.Gigabytes:67.72115707397461|#Level:Host|#hostname:Arjuns-MacBook.local,timestamp:1692832800
2023-08-23T19:20:00,964 - DiskUsage.Gigabytes:20.61410903930664|#Level:Host|#hostname:Arjuns-MacBook.local,timestamp:1692832800
2023-08-23T19:20:00,964 - DiskUtilization.Percent:23.3|#Level:Host|#hostname:Arjuns-MacBook.local,timestamp:1692832800
2023-08-23T19:20:00,964 - MemoryAvailable.Megabytes:431.53125|#Level:Host|#hostname:Arjuns-MacBook.local,timestamp:1692832800
2023-08-23T19:20:00,965 - MemoryUsed.Megabytes:712.96484375|#Level:Host|#hostname:Arjuns-MacBook.local,timestamp:1692832800
2023-08-23T19:20:00,965 - MemoryUtilization.Percent:94.7|#Level:Host|#hostname:Arjuns-MacBook.local,timestamp:1692832800
2023-08-23T19:21:00,959 - CPUUtilization.Percent:0.0|#Level:Host|#hostname:Arjuns-MacBook.local,timestamp:1692832860
2023-08-23T19:21:00,960 - DiskAvailable.Gigabytes:67.72098159790039|#Level:Host|#hostname:Arjuns-MacBook.local,timestamp:1692832860
2023-08-23T19:21:00,960 - DiskUsage.Gigabytes:20.61410903930664|#Level:Host|#hostname:Arjuns-MacBook.local,timestamp:1692832860
2023-08-23T19:21:00,960 - DiskUtilization.Percent:23.3|#Level:Host|#hostname:Arjuns-MacBook.local,timestamp:1692832860
2023-08-23T19:21:00,960 - MemoryAvailable.Megabytes:427.80078125|#Level:Host|#hostname:Arjuns-MacBook.local,timestamp:1692832860
2023-08-23T19:21:00,960 - MemoryUsed.Megabytes:709.1953125|#Level:Host|#hostname:Arjuns-MacBook.local,timestamp:1692832860
2023-08-23T19:21:00,960 - MemoryUtilization.Percent:94.8|#Level:Host|#hostname:Arjuns-MacBook.local,timestamp:1692832860
2023-08-23T19:22:01,011 - CPUUtilization.Percent:0.0|#Level:Host|#hostname:Arjuns-MacBook.local,timestamp:1692832921
2023-08-23T19:22:01,012 - DiskAvailable.Gigabytes:67.71208953857422|#Level:Host|#hostname:Arjuns-MacBook.local,timestamp:1692832921
2023-08-23T19:22:01,013 - DiskUsage.Gigabytes:20.61410903930664|#Level:Host|#hostname:Arjuns-MacBook.local,timestamp:1692832921
2023-08-23T19:22:01,013 - DiskUtilization.Percent:23.3|#Level:Host|#hostname:Arjuns-MacBook.local,timestamp:1692832921
2023-08-23T19:22:01,013 - MemoryAvailable.Megabytes:339.578125|#Level:Host|#hostname:Arjuns-MacBook.local,timestamp:1692832921
2023-08-23T19:22:01,013 - MemoryUsed.Megabytes:641.0703125|#Level:Host|#hostname:Arjuns-MacBook.local,timestamp:1692832921
2023-08-23T19:22:01,013 - MemoryUtilization.Percent:95.9|#Level:Host|#hostname:Arjuns-MacBook.local,timestamp:1692832921
2023-08-23T19:23:00,993 - CPUUtilization.Percent:0.0|#Level:Host|#hostname:Arjuns-MacBook.local,timestamp:1692832980
2023-08-23T19:23:00,994 - DiskAvailable.Gigabytes:67.72076797485352|#Level:Host|#hostname:Arjuns-MacBook.local,timestamp:1692832980
2023-08-23T19:23:00,994 - DiskUsage.Gigabytes:20.61410903930664|#Level:Host|#hostname:Arjuns-MacBook.local,timestamp:1692832980
2023-08-23T19:23:00,994 - DiskUtilization.Percent:23.3|#Level:Host|#hostname:Arjuns-MacBook.local,timestamp:1692832980
2023-08-23T19:23:00,994 - MemoryAvailable.Megabytes:348.01171875|#Level:Host|#hostname:Arjuns-MacBook.local,timestamp:1692832980
2023-08-23T19:23:00,994 - MemoryUsed.Megabytes:631.6484375|#Level:Host|#hostname:Arjuns-MacBook.local,timestamp:1692832980
2023-08-23T19:23:00,994 - MemoryUtilization.Percent:95.8|#Level:Host|#hostname:Arjuns-MacBook.local,timestamp:1692832980
2023-08-23T19:24:00,970 - CPUUtilization.Percent:0.0|#Level:Host|#hostname:Arjuns-MacBook.local,timestamp:1692833040
2023-08-23T19:24:00,971 - DiskAvailable.Gigabytes:67.71765518188477|#Level:Host|#hostname:Arjuns-MacBook.local,timestamp:1692833040
2023-08-23T19:24:00,971 - DiskUsage.Gigabytes:20.61410903930664|#Level:Host|#hostname:Arjuns-MacBook.local,timestamp:1692833040
2023-08-23T19:24:00,971 - DiskUtilization.Percent:23.3|#Level:Host|#hostname:Arjuns-MacBook.local,timestamp:1692833040
2023-08-23T19:24:00,971 - MemoryAvailable.Megabytes:373.67578125|#Level:Host|#hostname:Arjuns-MacBook.local,timestamp:1692833040
2023-08-23T19:24:00,971 - MemoryUsed.Megabytes:661.859375|#Level:Host|#hostname:Arjuns-MacBook.local,timestamp:1692833040
2023-08-23T19:24:00,971 - MemoryUtilization.Percent:95.4|#Level:Host|#hostname:Arjuns-MacBook.local,timestamp:1692833040
2023-08-23T19:25:00,967 - CPUUtilization.Percent:0.0|#Level:Host|#hostname:Arjuns-MacBook.local,timestamp:1692833100
2023-08-23T19:25:00,968 - DiskAvailable.Gigabytes:67.71748733520508|#Level:Host|#hostname:Arjuns-MacBook.local,timestamp:1692833100
2023-08-23T19:25:00,968 - DiskUsage.Gigabytes:20.61410903930664|#Level:Host|#hostname:Arjuns-MacBook.local,timestamp:1692833100
2023-08-23T19:25:00,968 - DiskUtilization.Percent:23.3|#Level:Host|#hostname:Arjuns-MacBook.local,timestamp:1692833100
2023-08-23T19:25:00,968 - MemoryAvailable.Megabytes:388.2578125|#Level:Host|#hostname:Arjuns-MacBook.local,timestamp:1692833100
2023-08-23T19:25:00,968 - MemoryUsed.Megabytes:672.4609375|#Level:Host|#hostname:Arjuns-MacBook.local,timestamp:1692833100
2023-08-23T19:25:00,968 - MemoryUtilization.Percent:95.3|#Level:Host|#hostname:Arjuns-MacBook.local,timestamp:1692833100
2023-08-23T19:26:00,987 - CPUUtilization.Percent:0.0|#Level:Host|#hostname:Arjuns-MacBook.local,timestamp:1692833160
2023-08-23T19:26:00,987 - DiskAvailable.Gigabytes:67.71733856201172|#Level:Host|#hostname:Arjuns-MacBook.local,timestamp:1692833160
2023-08-23T19:26:00,988 - DiskUsage.Gigabytes:20.61410903930664|#Level:Host|#hostname:Arjuns-MacBook.local,timestamp:1692833160
2023-08-23T19:26:00,988 - DiskUtilization.Percent:23.3|#Level:Host|#hostname:Arjuns-MacBook.local,timestamp:1692833160
2023-08-23T19:26:00,988 - MemoryAvailable.Megabytes:388.96484375|#Level:Host|#hostname:Arjuns-MacBook.local,timestamp:1692833160
2023-08-23T19:26:00,988 - MemoryUsed.Megabytes:671.7890625|#Level:Host|#hostname:Arjuns-MacBook.local,timestamp:1692833160
2023-08-23T19:26:00,988 - MemoryUtilization.Percent:95.3|#Level:Host|#hostname:Arjuns-MacBook.local,timestamp:1692833160
2023-08-23T19:27:00,977 - CPUUtilization.Percent:0.0|#Level:Host|#hostname:Arjuns-MacBook.local,timestamp:1692833220
2023-08-23T19:27:00,977 - DiskAvailable.Gigabytes:67.71714401245117|#Level:Host|#hostname:Arjuns-MacBook.local,timestamp:1692833220
2023-08-23T19:27:00,977 - DiskUsage.Gigabytes:20.61410903930664|#Level:Host|#hostname:Arjuns-MacBook.local,timestamp:1692833220
2023-08-23T19:27:00,977 - DiskUtilization.Percent:23.3|#Level:Host|#hostname:Arjuns-MacBook.local,timestamp:1692833220
2023-08-23T19:27:00,977 - MemoryAvailable.Megabytes:387.02734375|#Level:Host|#hostname:Arjuns-MacBook.local,timestamp:1692833220
2023-08-23T19:27:00,978 - MemoryUsed.Megabytes:671.08203125|#Level:Host|#hostname:Arjuns-MacBook.local,timestamp:1692833220
2023-08-23T19:27:00,978 - MemoryUtilization.Percent:95.3|#Level:Host|#hostname:Arjuns-MacBook.local,timestamp:1692833220
2023-08-23T19:28:00,980 - CPUUtilization.Percent:0.0|#Level:Host|#hostname:Arjuns-MacBook.local,timestamp:1692833280
2023-08-23T19:28:00,981 - DiskAvailable.Gigabytes:67.71596908569336|#Level:Host|#hostname:Arjuns-MacBook.local,timestamp:1692833280
2023-08-23T19:28:00,981 - DiskUsage.Gigabytes:20.61410903930664|#Level:Host|#hostname:Arjuns-MacBook.local,timestamp:1692833280
2023-08-23T19:28:00,981 - DiskUtilization.Percent:23.3|#Level:Host|#hostname:Arjuns-MacBook.local,timestamp:1692833280
2023-08-23T19:28:00,981 - MemoryAvailable.Megabytes:379.66796875|#Level:Host|#hostname:Arjuns-MacBook.local,timestamp:1692833280
2023-08-23T19:28:00,981 - MemoryUsed.Megabytes:658.625|#Level:Host|#hostname:Arjuns-MacBook.local,timestamp:1692833280
2023-08-23T19:28:00,981 - MemoryUtilization.Percent:95.4|#Level:Host|#hostname:Arjuns-MacBook.local,timestamp:1692833280
2023-08-23T19:29:00,977 - CPUUtilization.Percent:100.0|#Level:Host|#hostname:Arjuns-MacBook.local,timestamp:1692833340
2023-08-23T19:29:00,978 - DiskAvailable.Gigabytes:67.7157211303711|#Level:Host|#hostname:Arjuns-MacBook.local,timestamp:1692833340
2023-08-23T19:29:00,978 - DiskUsage.Gigabytes:20.61410903930664|#Level:Host|#hostname:Arjuns-MacBook.local,timestamp:1692833340
2023-08-23T19:29:00,978 - DiskUtilization.Percent:23.3|#Level:Host|#hostname:Arjuns-MacBook.local,timestamp:1692833340
2023-08-23T19:29:00,978 - MemoryAvailable.Megabytes:372.04296875|#Level:Host|#hostname:Arjuns-MacBook.local,timestamp:1692833340
2023-08-23T19:29:00,978 - MemoryUsed.Megabytes:669.94140625|#Level:Host|#hostname:Arjuns-MacBook.local,timestamp:1692833340
2023-08-23T19:29:00,978 - MemoryUtilization.Percent:95.5|#Level:Host|#hostname:Arjuns-MacBook.local,timestamp:1692833340
2023-08-23T19:30:00,988 - CPUUtilization.Percent:100.0|#Level:Host|#hostname:Arjuns-MacBook.local,timestamp:1692833400
2023-08-23T19:30:00,989 - DiskAvailable.Gigabytes:67.71522521972656|#Level:Host|#hostname:Arjuns-MacBook.local,timestamp:1692833400
2023-08-23T19:30:00,989 - DiskUsage.Gigabytes:20.61410903930664|#Level:Host|#hostname:Arjuns-MacBook.local,timestamp:1692833400
2023-08-23T19:30:00,989 - DiskUtilization.Percent:23.3|#Level:Host|#hostname:Arjuns-MacBook.local,timestamp:1692833400
2023-08-23T19:30:00,989 - MemoryAvailable.Megabytes:365.3359375|#Level:Host|#hostname:Arjuns-MacBook.local,timestamp:1692833400
2023-08-23T19:30:00,989 - MemoryUsed.Megabytes:656.2890625|#Level:Host|#hostname:Arjuns-MacBook.local,timestamp:1692833400
2023-08-23T19:30:00,989 - MemoryUtilization.Percent:95.5|#Level:Host|#hostname:Arjuns-MacBook.local,timestamp:1692833400
2023-08-23T19:31:00,992 - CPUUtilization.Percent:0.0|#Level:Host|#hostname:Arjuns-MacBook.local,timestamp:1692833460
2023-08-23T19:31:00,993 - DiskAvailable.Gigabytes:67.71556854248047|#Level:Host|#hostname:Arjuns-MacBook.local,timestamp:1692833460
2023-08-23T19:31:00,993 - DiskUsage.Gigabytes:20.61410903930664|#Level:Host|#hostname:Arjuns-MacBook.local,timestamp:1692833460
2023-08-23T19:31:00,993 - DiskUtilization.Percent:23.3|#Level:Host|#hostname:Arjuns-MacBook.local,timestamp:1692833460
2023-08-23T19:31:00,993 - MemoryAvailable.Megabytes:360.18359375|#Level:Host|#hostname:Arjuns-MacBook.local,timestamp:1692833460
2023-08-23T19:31:00,993 - MemoryUsed.Megabytes:652.03515625|#Level:Host|#hostname:Arjuns-MacBook.local,timestamp:1692833460
2023-08-23T19:31:00,993 - MemoryUtilization.Percent:95.6|#Level:Host|#hostname:Arjuns-MacBook.local,timestamp:1692833460
2023-08-23T19:35:04,062 - CPUUtilization.Percent:0.0|#Level:Host|#hostname:Arjuns-MacBook.local,timestamp:1692833704
2023-08-23T19:35:04,063 - DiskAvailable.Gigabytes:67.71940612792969|#Level:Host|#hostname:Arjuns-MacBook.local,timestamp:1692833704
2023-08-23T19:35:04,063 - DiskUsage.Gigabytes:20.61410903930664|#Level:Host|#hostname:Arjuns-MacBook.local,timestamp:1692833704
2023-08-23T19:35:04,064 - DiskUtilization.Percent:23.3|#Level:Host|#hostname:Arjuns-MacBook.local,timestamp:1692833704
2023-08-23T19:35:04,064 - MemoryAvailable.Megabytes:363.46875|#Level:Host|#hostname:Arjuns-MacBook.local,timestamp:1692833704
2023-08-23T19:35:04,064 - MemoryUsed.Megabytes:668.48046875|#Level:Host|#hostname:Arjuns-MacBook.local,timestamp:1692833704
2023-08-23T19:35:04,064 - MemoryUtilization.Percent:95.6|#Level:Host|#hostname:Arjuns-MacBook.local,timestamp:1692833704
2023-08-23T19:36:03,524 - CPUUtilization.Percent:0.0|#Level:Host|#hostname:Arjuns-MacBook.local,timestamp:1692833763
2023-08-23T19:36:03,525 - DiskAvailable.Gigabytes:67.71708679199219|#Level:Host|#hostname:Arjuns-MacBook.local,timestamp:1692833763
2023-08-23T19:36:03,526 - DiskUsage.Gigabytes:20.61410903930664|#Level:Host|#hostname:Arjuns-MacBook.local,timestamp:1692833763
2023-08-23T19:36:03,526 - DiskUtilization.Percent:23.3|#Level:Host|#hostname:Arjuns-MacBook.local,timestamp:1692833763
2023-08-23T19:36:03,526 - MemoryAvailable.Megabytes:385.10546875|#Level:Host|#hostname:Arjuns-MacBook.local,timestamp:1692833763
2023-08-23T19:36:03,526 - MemoryUsed.Megabytes:674.2578125|#Level:Host|#hostname:Arjuns-MacBook.local,timestamp:1692833763
2023-08-23T19:36:03,526 - MemoryUtilization.Percent:95.3|#Level:Host|#hostname:Arjuns-MacBook.local,timestamp:1692833763
2023-08-23T19:37:03,485 - CPUUtilization.Percent:100.0|#Level:Host|#hostname:Arjuns-MacBook.local,timestamp:1692833823
2023-08-23T19:37:03,486 - DiskAvailable.Gigabytes:67.71318817138672|#Level:Host|#hostname:Arjuns-MacBook.local,timestamp:1692833823
2023-08-23T19:37:03,487 - DiskUsage.Gigabytes:20.61410903930664|#Level:Host|#hostname:Arjuns-MacBook.local,timestamp:1692833823
2023-08-23T19:37:03,487 - DiskUtilization.Percent:23.3|#Level:Host|#hostname:Arjuns-MacBook.local,timestamp:1692833823
2023-08-23T19:37:03,487 - MemoryAvailable.Megabytes:349.0703125|#Level:Host|#hostname:Arjuns-MacBook.local,timestamp:1692833823
2023-08-23T19:37:03,487 - MemoryUsed.Megabytes:671.9921875|#Level:Host|#hostname:Arjuns-MacBook.local,timestamp:1692833823
2023-08-23T19:37:03,487 - MemoryUtilization.Percent:95.7|#Level:Host|#hostname:Arjuns-MacBook.local,timestamp:1692833823
2023-08-23T19:38:03,527 - CPUUtilization.Percent:0.0|#Level:Host|#hostname:Arjuns-MacBook.local,timestamp:1692833883
2023-08-23T19:38:03,528 - DiskAvailable.Gigabytes:67.71474838256836|#Level:Host|#hostname:Arjuns-MacBook.local,timestamp:1692833883
2023-08-23T19:38:03,528 - DiskUsage.Gigabytes:20.61410903930664|#Level:Host|#hostname:Arjuns-MacBook.local,timestamp:1692833883
2023-08-23T19:38:03,528 - DiskUtilization.Percent:23.3|#Level:Host|#hostname:Arjuns-MacBook.local,timestamp:1692833883
2023-08-23T19:38:03,528 - MemoryAvailable.Megabytes:364.3984375|#Level:Host|#hostname:Arjuns-MacBook.local,timestamp:1692833883
2023-08-23T19:38:03,529 - MemoryUsed.Megabytes:674.21484375|#Level:Host|#hostname:Arjuns-MacBook.local,timestamp:1692833883
2023-08-23T19:38:03,529 - MemoryUtilization.Percent:95.6|#Level:Host|#hostname:Arjuns-MacBook.local,timestamp:1692833883
2023-08-23T19:39:03,549 - CPUUtilization.Percent:88.9|#Level:Host|#hostname:Arjuns-MacBook.local,timestamp:1692833943
2023-08-23T19:39:03,550 - DiskAvailable.Gigabytes:67.71032333374023|#Level:Host|#hostname:Arjuns-MacBook.local,timestamp:1692833943
2023-08-23T19:39:03,550 - DiskUsage.Gigabytes:20.61410903930664|#Level:Host|#hostname:Arjuns-MacBook.local,timestamp:1692833943
2023-08-23T19:39:03,550 - DiskUtilization.Percent:23.3|#Level:Host|#hostname:Arjuns-MacBook.local,timestamp:1692833943
2023-08-23T19:39:03,550 - MemoryAvailable.Megabytes:332.125|#Level:Host|#hostname:Arjuns-MacBook.local,timestamp:1692833943
2023-08-23T19:39:03,550 - MemoryUsed.Megabytes:704.6484375|#Level:Host|#hostname:Arjuns-MacBook.local,timestamp:1692833943
2023-08-23T19:39:03,551 - MemoryUtilization.Percent:95.9|#Level:Host|#hostname:Arjuns-MacBook.local,timestamp:1692833943
2023-08-23T19:40:03,554 - CPUUtilization.Percent:0.0|#Level:Host|#hostname:Arjuns-MacBook.local,timestamp:1692834003
2023-08-23T19:40:03,558 - DiskAvailable.Gigabytes:67.70896911621094|#Level:Host|#hostname:Arjuns-MacBook.local,timestamp:1692834003
2023-08-23T19:40:03,558 - DiskUsage.Gigabytes:20.61410903930664|#Level:Host|#hostname:Arjuns-MacBook.local,timestamp:1692834003
2023-08-23T19:40:03,558 - DiskUtilization.Percent:23.3|#Level:Host|#hostname:Arjuns-MacBook.local,timestamp:1692834003
2023-08-23T19:40:03,558 - MemoryAvailable.Megabytes:395.25|#Level:Host|#hostname:Arjuns-MacBook.local,timestamp:1692834003
2023-08-23T19:40:03,558 - MemoryUsed.Megabytes:699.23828125|#Level:Host|#hostname:Arjuns-MacBook.local,timestamp:1692834003
2023-08-23T19:40:03,558 - MemoryUtilization.Percent:95.2|#Level:Host|#hostname:Arjuns-MacBook.local,timestamp:1692834003
2023-08-23T19:41:03,525 - CPUUtilization.Percent:100.0|#Level:Host|#hostname:Arjuns-MacBook.local,timestamp:1692834063
2023-08-23T19:41:03,526 - DiskAvailable.Gigabytes:67.70433807373047|#Level:Host|#hostname:Arjuns-MacBook.local,timestamp:1692834063
2023-08-23T19:41:03,526 - DiskUsage.Gigabytes:20.61410903930664|#Level:Host|#hostname:Arjuns-MacBook.local,timestamp:1692834063
2023-08-23T19:41:03,526 - DiskUtilization.Percent:23.3|#Level:Host|#hostname:Arjuns-MacBook.local,timestamp:1692834063
2023-08-23T19:41:03,526 - MemoryAvailable.Megabytes:376.31640625|#Level:Host|#hostname:Arjuns-MacBook.local,timestamp:1692834063
2023-08-23T19:41:03,526 - MemoryUsed.Megabytes:659.35546875|#Level:Host|#hostname:Arjuns-MacBook.local,timestamp:1692834063
2023-08-23T19:41:03,526 - MemoryUtilization.Percent:95.4|#Level:Host|#hostname:Arjuns-MacBook.local,timestamp:1692834063
2023-08-23T19:42:03,517 - CPUUtilization.Percent:50.0|#Level:Host|#hostname:Arjuns-MacBook.local,timestamp:1692834123
2023-08-23T19:42:03,520 - DiskAvailable.Gigabytes:67.7043685913086|#Level:Host|#hostname:Arjuns-MacBook.local,timestamp:1692834123
2023-08-23T19:42:03,520 - DiskUsage.Gigabytes:20.61410903930664|#Level:Host|#hostname:Arjuns-MacBook.local,timestamp:1692834123
2023-08-23T19:42:03,520 - DiskUtilization.Percent:23.3|#Level:Host|#hostname:Arjuns-MacBook.local,timestamp:1692834123
2023-08-23T19:42:03,521 - MemoryAvailable.Megabytes:313.2890625|#Level:Host|#hostname:Arjuns-MacBook.local,timestamp:1692834123
2023-08-23T19:42:03,521 - MemoryUsed.Megabytes:659.359375|#Level:Host|#hostname:Arjuns-MacBook.local,timestamp:1692834123
2023-08-23T19:42:03,521 - MemoryUtilization.Percent:96.2|#Level:Host|#hostname:Arjuns-MacBook.local,timestamp:1692834123
2023-08-23T19:43:03,531 - CPUUtilization.Percent:100.0|#Level:Host|#hostname:Arjuns-MacBook.local,timestamp:1692834183
2023-08-23T19:43:03,532 - DiskAvailable.Gigabytes:67.70060729980469|#Level:Host|#hostname:Arjuns-MacBook.local,timestamp:1692834183
2023-08-23T19:43:03,532 - DiskUsage.Gigabytes:20.61410903930664|#Level:Host|#hostname:Arjuns-MacBook.local,timestamp:1692834183
2023-08-23T19:43:03,532 - DiskUtilization.Percent:23.3|#Level:Host|#hostname:Arjuns-MacBook.local,timestamp:1692834183
2023-08-23T19:43:03,532 - MemoryAvailable.Megabytes:334.91796875|#Level:Host|#hostname:Arjuns-MacBook.local,timestamp:1692834183
2023-08-23T19:43:03,532 - MemoryUsed.Megabytes:698.2734375|#Level:Host|#hostname:Arjuns-MacBook.local,timestamp:1692834183
2023-08-23T19:43:03,532 - MemoryUtilization.Percent:95.9|#Level:Host|#hostname:Arjuns-MacBook.local,timestamp:1692834183
2023-08-23T19:44:03,498 - CPUUtilization.Percent:0.0|#Level:Host|#hostname:Arjuns-MacBook.local,timestamp:1692834243
2023-08-23T19:44:03,499 - DiskAvailable.Gigabytes:67.70392990112305|#Level:Host|#hostname:Arjuns-MacBook.local,timestamp:1692834243
2023-08-23T19:44:03,499 - DiskUsage.Gigabytes:20.61410903930664|#Level:Host|#hostname:Arjuns-MacBook.local,timestamp:1692834243
2023-08-23T19:44:03,499 - DiskUtilization.Percent:23.3|#Level:Host|#hostname:Arjuns-MacBook.local,timestamp:1692834243
2023-08-23T19:44:03,499 - MemoryAvailable.Megabytes:380.6796875|#Level:Host|#hostname:Arjuns-MacBook.local,timestamp:1692834243
2023-08-23T19:44:03,499 - MemoryUsed.Megabytes:679.25|#Level:Host|#hostname:Arjuns-MacBook.local,timestamp:1692834243
2023-08-23T19:44:03,499 - MemoryUtilization.Percent:95.4|#Level:Host|#hostname:Arjuns-MacBook.local,timestamp:1692834243
2023-08-23T19:45:03,501 - CPUUtilization.Percent:100.0|#Level:Host|#hostname:Arjuns-MacBook.local,timestamp:1692834303
2023-08-23T19:45:03,502 - DiskAvailable.Gigabytes:67.7076187133789|#Level:Host|#hostname:Arjuns-MacBook.local,timestamp:1692834303
2023-08-23T19:45:03,502 - DiskUsage.Gigabytes:20.61410903930664|#Level:Host|#hostname:Arjuns-MacBook.local,timestamp:1692834303
2023-08-23T19:45:03,502 - DiskUtilization.Percent:23.3|#Level:Host|#hostname:Arjuns-MacBook.local,timestamp:1692834303
2023-08-23T19:45:03,502 - MemoryAvailable.Megabytes:360.0546875|#Level:Host|#hostname:Arjuns-MacBook.local,timestamp:1692834303
2023-08-23T19:45:03,502 - MemoryUsed.Megabytes:663.171875|#Level:Host|#hostname:Arjuns-MacBook.local,timestamp:1692834303
2023-08-23T19:45:03,502 - MemoryUtilization.Percent:95.6|#Level:Host|#hostname:Arjuns-MacBook.local,timestamp:1692834303
2023-08-23T19:46:03,528 - CPUUtilization.Percent:0.0|#Level:Host|#hostname:Arjuns-MacBook.local,timestamp:1692834363
2023-08-23T19:46:03,530 - DiskAvailable.Gigabytes:67.70643997192383|#Level:Host|#hostname:Arjuns-MacBook.local,timestamp:1692834363
2023-08-23T19:46:03,530 - DiskUsage.Gigabytes:20.61410903930664|#Level:Host|#hostname:Arjuns-MacBook.local,timestamp:1692834363
2023-08-23T19:46:03,530 - DiskUtilization.Percent:23.3|#Level:Host|#hostname:Arjuns-MacBook.local,timestamp:1692834363
2023-08-23T19:46:03,530 - MemoryAvailable.Megabytes:362.9453125|#Level:Host|#hostname:Arjuns-MacBook.local,timestamp:1692834363
2023-08-23T19:46:03,530 - MemoryUsed.Megabytes:671.0546875|#Level:Host|#hostname:Arjuns-MacBook.local,timestamp:1692834363
2023-08-23T19:46:03,530 - MemoryUtilization.Percent:95.6|#Level:Host|#hostname:Arjuns-MacBook.local,timestamp:1692834363
2023-08-23T19:47:03,527 - CPUUtilization.Percent:100.0|#Level:Host|#hostname:Arjuns-MacBook.local,timestamp:1692834423
2023-08-23T19:47:03,528 - DiskAvailable.Gigabytes:67.70259094238281|#Level:Host|#hostname:Arjuns-MacBook.local,timestamp:1692834423
2023-08-23T19:47:03,529 - DiskUsage.Gigabytes:20.61410903930664|#Level:Host|#hostname:Arjuns-MacBook.local,timestamp:1692834423
2023-08-23T19:47:03,529 - DiskUtilization.Percent:23.3|#Level:Host|#hostname:Arjuns-MacBook.local,timestamp:1692834423
2023-08-23T19:47:03,529 - MemoryAvailable.Megabytes:386.32421875|#Level:Host|#hostname:Arjuns-MacBook.local,timestamp:1692834423
2023-08-23T19:47:03,529 - MemoryUsed.Megabytes:684.640625|#Level:Host|#hostname:Arjuns-MacBook.local,timestamp:1692834423
2023-08-23T19:47:03,529 - MemoryUtilization.Percent:95.3|#Level:Host|#hostname:Arjuns-MacBook.local,timestamp:1692834423
2023-08-23T19:48:04,069 - CPUUtilization.Percent:0.0|#Level:Host|#hostname:Arjuns-MacBook.local,timestamp:1692834484
2023-08-23T19:48:04,070 - DiskAvailable.Gigabytes:67.6939582824707|#Level:Host|#hostname:Arjuns-MacBook.local,timestamp:1692834484
2023-08-23T19:48:04,070 - DiskUsage.Gigabytes:20.61410903930664|#Level:Host|#hostname:Arjuns-MacBook.local,timestamp:1692834484
2023-08-23T19:48:04,070 - DiskUtilization.Percent:23.3|#Level:Host|#hostname:Arjuns-MacBook.local,timestamp:1692834484
2023-08-23T19:48:04,071 - MemoryAvailable.Megabytes:368.2109375|#Level:Host|#hostname:Arjuns-MacBook.local,timestamp:1692834484
2023-08-23T19:48:04,071 - MemoryUsed.Megabytes:689.8984375|#Level:Host|#hostname:Arjuns-MacBook.local,timestamp:1692834484
2023-08-23T19:48:04,071 - MemoryUtilization.Percent:95.5|#Level:Host|#hostname:Arjuns-MacBook.local,timestamp:1692834484
2023-08-23T19:49:03,524 - CPUUtilization.Percent:100.0|#Level:Host|#hostname:Arjuns-MacBook.local,timestamp:1692834543
2023-08-23T19:49:03,525 - DiskAvailable.Gigabytes:67.69183731079102|#Level:Host|#hostname:Arjuns-MacBook.local,timestamp:1692834543
2023-08-23T19:49:03,525 - DiskUsage.Gigabytes:20.61410903930664|#Level:Host|#hostname:Arjuns-MacBook.local,timestamp:1692834543
2023-08-23T19:49:03,525 - DiskUtilization.Percent:23.3|#Level:Host|#hostname:Arjuns-MacBook.local,timestamp:1692834543
2023-08-23T19:49:03,525 - MemoryAvailable.Megabytes:382.3359375|#Level:Host|#hostname:Arjuns-MacBook.local,timestamp:1692834543
2023-08-23T19:49:03,526 - MemoryUsed.Megabytes:691.28515625|#Level:Host|#hostname:Arjuns-MacBook.local,timestamp:1692834543
2023-08-23T19:49:03,526 - MemoryUtilization.Percent:95.3|#Level:Host|#hostname:Arjuns-MacBook.local,timestamp:1692834543
2023-08-23T19:50:03,524 - CPUUtilization.Percent:0.0|#Level:Host|#hostname:Arjuns-MacBook.local,timestamp:1692834603
2023-08-23T19:50:03,525 - DiskAvailable.Gigabytes:67.6902847290039|#Level:Host|#hostname:Arjuns-MacBook.local,timestamp:1692834603
2023-08-23T19:50:03,525 - DiskUsage.Gigabytes:20.61410903930664|#Level:Host|#hostname:Arjuns-MacBook.local,timestamp:1692834603
2023-08-23T19:50:03,525 - DiskUtilization.Percent:23.3|#Level:Host|#hostname:Arjuns-MacBook.local,timestamp:1692834603
2023-08-23T19:50:03,525 - MemoryAvailable.Megabytes:377.234375|#Level:Host|#hostname:Arjuns-MacBook.local,timestamp:1692834603
2023-08-23T19:50:03,525 - MemoryUsed.Megabytes:709.5078125|#Level:Host|#hostname:Arjuns-MacBook.local,timestamp:1692834603
2023-08-23T19:50:03,525 - MemoryUtilization.Percent:95.4|#Level:Host|#hostname:Arjuns-MacBook.local,timestamp:1692834603
2023-08-23T19:51:03,521 - CPUUtilization.Percent:0.0|#Level:Host|#hostname:Arjuns-MacBook.local,timestamp:1692834663
2023-08-23T19:51:03,522 - DiskAvailable.Gigabytes:67.6903190612793|#Level:Host|#hostname:Arjuns-MacBook.local,timestamp:1692834663
2023-08-23T19:51:03,522 - DiskUsage.Gigabytes:20.61410903930664|#Level:Host|#hostname:Arjuns-MacBook.local,timestamp:1692834663
2023-08-23T19:51:03,522 - DiskUtilization.Percent:23.3|#Level:Host|#hostname:Arjuns-MacBook.local,timestamp:1692834663
2023-08-23T19:51:03,522 - MemoryAvailable.Megabytes:385.18359375|#Level:Host|#hostname:Arjuns-MacBook.local,timestamp:1692834663
2023-08-23T19:51:03,522 - MemoryUsed.Megabytes:703.2890625|#Level:Host|#hostname:Arjuns-MacBook.local,timestamp:1692834663
2023-08-23T19:51:03,522 - MemoryUtilization.Percent:95.3|#Level:Host|#hostname:Arjuns-MacBook.local,timestamp:1692834663
2023-08-23T19:52:03,529 - CPUUtilization.Percent:100.0|#Level:Host|#hostname:Arjuns-MacBook.local,timestamp:1692834723
2023-08-23T19:52:03,529 - DiskAvailable.Gigabytes:67.68808364868164|#Level:Host|#hostname:Arjuns-MacBook.local,timestamp:1692834723
2023-08-23T19:52:03,530 - DiskUsage.Gigabytes:20.61410903930664|#Level:Host|#hostname:Arjuns-MacBook.local,timestamp:1692834723
2023-08-23T19:52:03,530 - DiskUtilization.Percent:23.3|#Level:Host|#hostname:Arjuns-MacBook.local,timestamp:1692834723
2023-08-23T19:52:03,530 - MemoryAvailable.Megabytes:424.5234375|#Level:Host|#hostname:Arjuns-MacBook.local,timestamp:1692834723
2023-08-23T19:52:03,530 - MemoryUsed.Megabytes:726.28515625|#Level:Host|#hostname:Arjuns-MacBook.local,timestamp:1692834723
2023-08-23T19:52:03,530 - MemoryUtilization.Percent:94.8|#Level:Host|#hostname:Arjuns-MacBook.local,timestamp:1692834723
2023-08-23T19:53:03,512 - CPUUtilization.Percent:0.0|#Level:Host|#hostname:Arjuns-MacBook.local,timestamp:1692834783
2023-08-23T19:53:03,513 - DiskAvailable.Gigabytes:67.68780517578125|#Level:Host|#hostname:Arjuns-MacBook.local,timestamp:1692834783
2023-08-23T19:53:03,513 - DiskUsage.Gigabytes:20.61410903930664|#Level:Host|#hostname:Arjuns-MacBook.local,timestamp:1692834783
2023-08-23T19:53:03,514 - DiskUtilization.Percent:23.3|#Level:Host|#hostname:Arjuns-MacBook.local,timestamp:1692834783
2023-08-23T19:53:03,514 - MemoryAvailable.Megabytes:449.91796875|#Level:Host|#hostname:Arjuns-MacBook.local,timestamp:1692834783
2023-08-23T19:53:03,514 - MemoryUsed.Megabytes:749.90625|#Level:Host|#hostname:Arjuns-MacBook.local,timestamp:1692834783
2023-08-23T19:53:03,514 - MemoryUtilization.Percent:94.5|#Level:Host|#hostname:Arjuns-MacBook.local,timestamp:1692834783
2023-08-23T19:54:03,520 - CPUUtilization.Percent:50.0|#Level:Host|#hostname:Arjuns-MacBook.local,timestamp:1692834843
2023-08-23T19:54:03,521 - DiskAvailable.Gigabytes:67.6877555847168|#Level:Host|#hostname:Arjuns-MacBook.local,timestamp:1692834843
2023-08-23T19:54:03,521 - DiskUsage.Gigabytes:20.61410903930664|#Level:Host|#hostname:Arjuns-MacBook.local,timestamp:1692834843
2023-08-23T19:54:03,522 - DiskUtilization.Percent:23.3|#Level:Host|#hostname:Arjuns-MacBook.local,timestamp:1692834843
2023-08-23T19:54:03,522 - MemoryAvailable.Megabytes:376.375|#Level:Host|#hostname:Arjuns-MacBook.local,timestamp:1692834843
2023-08-23T19:54:03,522 - MemoryUsed.Megabytes:735.01171875|#Level:Host|#hostname:Arjuns-MacBook.local,timestamp:1692834843
2023-08-23T19:54:03,522 - MemoryUtilization.Percent:95.4|#Level:Host|#hostname:Arjuns-MacBook.local,timestamp:1692834843
2023-08-23T19:55:03,524 - CPUUtilization.Percent:0.0|#Level:Host|#hostname:Arjuns-MacBook.local,timestamp:1692834903
2023-08-23T19:55:03,525 - DiskAvailable.Gigabytes:67.69287109375|#Level:Host|#hostname:Arjuns-MacBook.local,timestamp:1692834903
2023-08-23T19:55:03,525 - DiskUsage.Gigabytes:20.61410903930664|#Level:Host|#hostname:Arjuns-MacBook.local,timestamp:1692834903
2023-08-23T19:55:03,525 - DiskUtilization.Percent:23.3|#Level:Host|#hostname:Arjuns-MacBook.local,timestamp:1692834903
2023-08-23T19:55:03,525 - MemoryAvailable.Megabytes:368.828125|#Level:Host|#hostname:Arjuns-MacBook.local,timestamp:1692834903
2023-08-23T19:55:03,525 - MemoryUsed.Megabytes:733.703125|#Level:Host|#hostname:Arjuns-MacBook.local,timestamp:1692834903
2023-08-23T19:55:03,525 - MemoryUtilization.Percent:95.5|#Level:Host|#hostname:Arjuns-MacBook.local,timestamp:1692834903
2023-08-23T19:56:03,493 - CPUUtilization.Percent:33.3|#Level:Host|#hostname:Arjuns-MacBook.local,timestamp:1692834963
2023-08-23T19:56:03,493 - DiskAvailable.Gigabytes:67.69176864624023|#Level:Host|#hostname:Arjuns-MacBook.local,timestamp:1692834963
2023-08-23T19:56:03,493 - DiskUsage.Gigabytes:20.61410903930664|#Level:Host|#hostname:Arjuns-MacBook.local,timestamp:1692834963
2023-08-23T19:56:03,493 - DiskUtilization.Percent:23.3|#Level:Host|#hostname:Arjuns-MacBook.local,timestamp:1692834963
2023-08-23T19:56:03,493 - MemoryAvailable.Megabytes:397.359375|#Level:Host|#hostname:Arjuns-MacBook.local,timestamp:1692834963
2023-08-23T19:56:03,494 - MemoryUsed.Megabytes:717.953125|#Level:Host|#hostname:Arjuns-MacBook.local,timestamp:1692834963
2023-08-23T19:56:03,494 - MemoryUtilization.Percent:95.1|#Level:Host|#hostname:Arjuns-MacBook.local,timestamp:1692834963
2023-08-23T19:57:03,497 - CPUUtilization.Percent:0.0|#Level:Host|#hostname:Arjuns-MacBook.local,timestamp:1692835023
2023-08-23T19:57:03,498 - DiskAvailable.Gigabytes:67.69060897827148|#Level:Host|#hostname:Arjuns-MacBook.local,timestamp:1692835023
2023-08-23T19:57:03,498 - DiskUsage.Gigabytes:20.61410903930664|#Level:Host|#hostname:Arjuns-MacBook.local,timestamp:1692835023
2023-08-23T19:57:03,498 - DiskUtilization.Percent:23.3|#Level:Host|#hostname:Arjuns-MacBook.local,timestamp:1692835023
2023-08-23T19:57:03,498 - MemoryAvailable.Megabytes:381.96484375|#Level:Host|#hostname:Arjuns-MacBook.local,timestamp:1692835023
2023-08-23T19:57:03,498 - MemoryUsed.Megabytes:732.48828125|#Level:Host|#hostname:Arjuns-MacBook.local,timestamp:1692835023
2023-08-23T19:57:03,498 - MemoryUtilization.Percent:95.3|#Level:Host|#hostname:Arjuns-MacBook.local,timestamp:1692835023
2023-08-23T19:58:03,509 - CPUUtilization.Percent:0.0|#Level:Host|#hostname:Arjuns-MacBook.local,timestamp:1692835083
2023-08-23T19:58:03,511 - DiskAvailable.Gigabytes:67.6875114440918|#Level:Host|#hostname:Arjuns-MacBook.local,timestamp:1692835083
2023-08-23T19:58:03,511 - DiskUsage.Gigabytes:20.61410903930664|#Level:Host|#hostname:Arjuns-MacBook.local,timestamp:1692835083
2023-08-23T19:58:03,511 - DiskUtilization.Percent:23.3|#Level:Host|#hostname:Arjuns-MacBook.local,timestamp:1692835083
2023-08-23T19:58:03,511 - MemoryAvailable.Megabytes:408.21875|#Level:Host|#hostname:Arjuns-MacBook.local,timestamp:1692835083
2023-08-23T19:58:03,511 - MemoryUsed.Megabytes:708.12890625|#Level:Host|#hostname:Arjuns-MacBook.local,timestamp:1692835083
2023-08-23T19:58:03,511 - MemoryUtilization.Percent:95.0|#Level:Host|#hostname:Arjuns-MacBook.local,timestamp:1692835083
2023-08-23T19:59:03,517 - CPUUtilization.Percent:25.0|#Level:Host|#hostname:Arjuns-MacBook.local,timestamp:1692835143
2023-08-23T19:59:03,518 - DiskAvailable.Gigabytes:67.68783187866211|#Level:Host|#hostname:Arjuns-MacBook.local,timestamp:1692835143
2023-08-23T19:59:03,518 - DiskUsage.Gigabytes:20.61410903930664|#Level:Host|#hostname:Arjuns-MacBook.local,timestamp:1692835143
2023-08-23T19:59:03,518 - DiskUtilization.Percent:23.3|#Level:Host|#hostname:Arjuns-MacBook.local,timestamp:1692835143
2023-08-23T19:59:03,518 - MemoryAvailable.Megabytes:373.8515625|#Level:Host|#hostname:Arjuns-MacBook.local,timestamp:1692835143
2023-08-23T19:59:03,518 - MemoryUsed.Megabytes:720.8203125|#Level:Host|#hostname:Arjuns-MacBook.local,timestamp:1692835143
2023-08-23T19:59:03,518 - MemoryUtilization.Percent:95.4|#Level:Host|#hostname:Arjuns-MacBook.local,timestamp:1692835143
2023-08-23T20:00:03,514 - CPUUtilization.Percent:0.0|#Level:Host|#hostname:Arjuns-MacBook.local,timestamp:1692835203
2023-08-23T20:00:03,514 - DiskAvailable.Gigabytes:67.68534088134766|#Level:Host|#hostname:Arjuns-MacBook.local,timestamp:1692835203
2023-08-23T20:00:03,514 - DiskUsage.Gigabytes:20.61410903930664|#Level:Host|#hostname:Arjuns-MacBook.local,timestamp:1692835203
2023-08-23T20:00:03,514 - DiskUtilization.Percent:23.3|#Level:Host|#hostname:Arjuns-MacBook.local,timestamp:1692835203
2023-08-23T20:00:03,515 - MemoryAvailable.Megabytes:385.56640625|#Level:Host|#hostname:Arjuns-MacBook.local,timestamp:1692835203
2023-08-23T20:00:03,515 - MemoryUsed.Megabytes:694.0859375|#Level:Host|#hostname:Arjuns-MacBook.local,timestamp:1692835203
2023-08-23T20:00:03,515 - MemoryUtilization.Percent:95.3|#Level:Host|#hostname:Arjuns-MacBook.local,timestamp:1692835203
2023-08-23T20:01:03,513 - CPUUtilization.Percent:0.0|#Level:Host|#hostname:Arjuns-MacBook.local,timestamp:1692835263
2023-08-23T20:01:03,514 - DiskAvailable.Gigabytes:67.6856803894043|#Level:Host|#hostname:Arjuns-MacBook.local,timestamp:1692835263
2023-08-23T20:01:03,514 - DiskUsage.Gigabytes:20.61410903930664|#Level:Host|#hostname:Arjuns-MacBook.local,timestamp:1692835263
2023-08-23T20:01:03,514 - DiskUtilization.Percent:23.3|#Level:Host|#hostname:Arjuns-MacBook.local,timestamp:1692835263
2023-08-23T20:01:03,514 - MemoryAvailable.Megabytes:412.2421875|#Level:Host|#hostname:Arjuns-MacBook.local,timestamp:1692835263
2023-08-23T20:01:03,514 - MemoryUsed.Megabytes:706.12109375|#Level:Host|#hostname:Arjuns-MacBook.local,timestamp:1692835263
2023-08-23T20:01:03,514 - MemoryUtilization.Percent:95.0|#Level:Host|#hostname:Arjuns-MacBook.local,timestamp:1692835263
2023-08-23T20:02:03,519 - CPUUtilization.Percent:100.0|#Level:Host|#hostname:Arjuns-MacBook.local,timestamp:1692835323
2023-08-23T20:02:03,520 - DiskAvailable.Gigabytes:67.68260955810547|#Level:Host|#hostname:Arjuns-MacBook.local,timestamp:1692835323
2023-08-23T20:02:03,520 - DiskUsage.Gigabytes:20.61410903930664|#Level:Host|#hostname:Arjuns-MacBook.local,timestamp:1692835323
2023-08-23T20:02:03,520 - DiskUtilization.Percent:23.3|#Level:Host|#hostname:Arjuns-MacBook.local,timestamp:1692835323
2023-08-23T20:02:03,520 - MemoryAvailable.Megabytes:396.7890625|#Level:Host|#hostname:Arjuns-MacBook.local,timestamp:1692835323
2023-08-23T20:02:03,520 - MemoryUsed.Megabytes:686.09375|#Level:Host|#hostname:Arjuns-MacBook.local,timestamp:1692835323
2023-08-23T20:02:03,520 - MemoryUtilization.Percent:95.2|#Level:Host|#hostname:Arjuns-MacBook.local,timestamp:1692835323
2023-08-23T20:03:03,493 - CPUUtilization.Percent:100.0|#Level:Host|#hostname:Arjuns-MacBook.local,timestamp:1692835383
2023-08-23T20:03:03,494 - DiskAvailable.Gigabytes:67.68256378173828|#Level:Host|#hostname:Arjuns-MacBook.local,timestamp:1692835383
2023-08-23T20:03:03,494 - DiskUsage.Gigabytes:20.61410903930664|#Level:Host|#hostname:Arjuns-MacBook.local,timestamp:1692835383
2023-08-23T20:03:03,494 - DiskUtilization.Percent:23.3|#Level:Host|#hostname:Arjuns-MacBook.local,timestamp:1692835383
2023-08-23T20:03:03,494 - MemoryAvailable.Megabytes:379.80859375|#Level:Host|#hostname:Arjuns-MacBook.local,timestamp:1692835383
2023-08-23T20:03:03,494 - MemoryUsed.Megabytes:683.984375|#Level:Host|#hostname:Arjuns-MacBook.local,timestamp:1692835383
2023-08-23T20:03:03,494 - MemoryUtilization.Percent:95.4|#Level:Host|#hostname:Arjuns-MacBook.local,timestamp:1692835383
2023-08-23T20:04:03,493 - CPUUtilization.Percent:0.0|#Level:Host|#hostname:Arjuns-MacBook.local,timestamp:1692835443
2023-08-23T20:04:03,494 - DiskAvailable.Gigabytes:67.68009948730469|#Level:Host|#hostname:Arjuns-MacBook.local,timestamp:1692835443
2023-08-23T20:04:03,494 - DiskUsage.Gigabytes:20.61410903930664|#Level:Host|#hostname:Arjuns-MacBook.local,timestamp:1692835443
2023-08-23T20:04:03,494 - DiskUtilization.Percent:23.3|#Level:Host|#hostname:Arjuns-MacBook.local,timestamp:1692835443
2023-08-23T20:04:03,494 - MemoryAvailable.Megabytes:411.30078125|#Level:Host|#hostname:Arjuns-MacBook.local,timestamp:1692835443
2023-08-23T20:04:03,494 - MemoryUsed.Megabytes:729.21875|#Level:Host|#hostname:Arjuns-MacBook.local,timestamp:1692835443
2023-08-23T20:04:03,494 - MemoryUtilization.Percent:95.0|#Level:Host|#hostname:Arjuns-MacBook.local,timestamp:1692835443
2023-08-23T20:05:03,508 - CPUUtilization.Percent:50.0|#Level:Host|#hostname:Arjuns-MacBook.local,timestamp:1692835503
2023-08-23T20:05:03,509 - DiskAvailable.Gigabytes:67.68000793457031|#Level:Host|#hostname:Arjuns-MacBook.local,timestamp:1692835503
2023-08-23T20:05:03,509 - DiskUsage.Gigabytes:20.61410903930664|#Level:Host|#hostname:Arjuns-MacBook.local,timestamp:1692835503
2023-08-23T20:05:03,509 - DiskUtilization.Percent:23.3|#Level:Host|#hostname:Arjuns-MacBook.local,timestamp:1692835503
2023-08-23T20:05:03,509 - MemoryAvailable.Megabytes:335.1953125|#Level:Host|#hostname:Arjuns-MacBook.local,timestamp:1692835503
2023-08-23T20:05:03,509 - MemoryUsed.Megabytes:720.4296875|#Level:Host|#hostname:Arjuns-MacBook.local,timestamp:1692835503
2023-08-23T20:05:03,509 - MemoryUtilization.Percent:95.9|#Level:Host|#hostname:Arjuns-MacBook.local,timestamp:1692835503
2023-08-23T20:06:03,510 - CPUUtilization.Percent:0.0|#Level:Host|#hostname:Arjuns-MacBook.local,timestamp:1692835563
2023-08-23T20:06:03,510 - DiskAvailable.Gigabytes:67.6750602722168|#Level:Host|#hostname:Arjuns-MacBook.local,timestamp:1692835563
2023-08-23T20:06:03,511 - DiskUsage.Gigabytes:20.61410903930664|#Level:Host|#hostname:Arjuns-MacBook.local,timestamp:1692835563
2023-08-23T20:06:03,511 - DiskUtilization.Percent:23.3|#Level:Host|#hostname:Arjuns-MacBook.local,timestamp:1692835563
2023-08-23T20:06:03,511 - MemoryAvailable.Megabytes:360.3671875|#Level:Host|#hostname:Arjuns-MacBook.local,timestamp:1692835563
2023-08-23T20:06:03,511 - MemoryUsed.Megabytes:671.32421875|#Level:Host|#hostname:Arjuns-MacBook.local,timestamp:1692835563
2023-08-23T20:06:03,511 - MemoryUtilization.Percent:95.6|#Level:Host|#hostname:Arjuns-MacBook.local,timestamp:1692835563
2023-08-23T20:07:03,500 - CPUUtilization.Percent:0.0|#Level:Host|#hostname:Arjuns-MacBook.local,timestamp:1692835623
2023-08-23T20:07:03,501 - DiskAvailable.Gigabytes:67.67549896240234|#Level:Host|#hostname:Arjuns-MacBook.local,timestamp:1692835623
2023-08-23T20:07:03,501 - DiskUsage.Gigabytes:20.61410903930664|#Level:Host|#hostname:Arjuns-MacBook.local,timestamp:1692835623
2023-08-23T20:07:03,501 - DiskUtilization.Percent:23.3|#Level:Host|#hostname:Arjuns-MacBook.local,timestamp:1692835623
2023-08-23T20:07:03,501 - MemoryAvailable.Megabytes:389.0234375|#Level:Host|#hostname:Arjuns-MacBook.local,timestamp:1692835623
2023-08-23T20:07:03,501 - MemoryUsed.Megabytes:698.19921875|#Level:Host|#hostname:Arjuns-MacBook.local,timestamp:1692835623
2023-08-23T20:07:03,501 - MemoryUtilization.Percent:95.3|#Level:Host|#hostname:Arjuns-MacBook.local,timestamp:1692835623
2023-08-23T20:08:03,487 - CPUUtilization.Percent:0.0|#Level:Host|#hostname:Arjuns-MacBook.local,timestamp:1692835683
2023-08-23T20:08:03,488 - DiskAvailable.Gigabytes:67.67304611206055|#Level:Host|#hostname:Arjuns-MacBook.local,timestamp:1692835683
2023-08-23T20:08:03,488 - DiskUsage.Gigabytes:20.61410903930664|#Level:Host|#hostname:Arjuns-MacBook.local,timestamp:1692835683
2023-08-23T20:08:03,488 - DiskUtilization.Percent:23.3|#Level:Host|#hostname:Arjuns-MacBook.local,timestamp:1692835683
2023-08-23T20:08:03,488 - MemoryAvailable.Megabytes:403.38671875|#Level:Host|#hostname:Arjuns-MacBook.local,timestamp:1692835683
2023-08-23T20:08:03,489 - MemoryUsed.Megabytes:713.65234375|#Level:Host|#hostname:Arjuns-MacBook.local,timestamp:1692835683
2023-08-23T20:08:03,489 - MemoryUtilization.Percent:95.1|#Level:Host|#hostname:Arjuns-MacBook.local,timestamp:1692835683
2023-08-23T20:09:03,479 - CPUUtilization.Percent:0.0|#Level:Host|#hostname:Arjuns-MacBook.local,timestamp:1692835743
2023-08-23T20:09:03,480 - DiskAvailable.Gigabytes:67.67256164550781|#Level:Host|#hostname:Arjuns-MacBook.local,timestamp:1692835743
2023-08-23T20:09:03,480 - DiskUsage.Gigabytes:20.61410903930664|#Level:Host|#hostname:Arjuns-MacBook.local,timestamp:1692835743
2023-08-23T20:09:03,480 - DiskUtilization.Percent:23.3|#Level:Host|#hostname:Arjuns-MacBook.local,timestamp:1692835743
2023-08-23T20:09:03,480 - MemoryAvailable.Megabytes:396.3515625|#Level:Host|#hostname:Arjuns-MacBook.local,timestamp:1692835743
2023-08-23T20:09:03,480 - MemoryUsed.Megabytes:706.09765625|#Level:Host|#hostname:Arjuns-MacBook.local,timestamp:1692835743
2023-08-23T20:09:03,480 - MemoryUtilization.Percent:95.2|#Level:Host|#hostname:Arjuns-MacBook.local,timestamp:1692835743
2023-08-23T20:10:03,482 - CPUUtilization.Percent:50.0|#Level:Host|#hostname:Arjuns-MacBook.local,timestamp:1692835803
2023-08-23T20:10:03,483 - DiskAvailable.Gigabytes:67.66605758666992|#Level:Host|#hostname:Arjuns-MacBook.local,timestamp:1692835803
2023-08-23T20:10:03,483 - DiskUsage.Gigabytes:20.61410903930664|#Level:Host|#hostname:Arjuns-MacBook.local,timestamp:1692835803
2023-08-23T20:10:03,484 - DiskUtilization.Percent:23.4|#Level:Host|#hostname:Arjuns-MacBook.local,timestamp:1692835803
2023-08-23T20:10:03,484 - MemoryAvailable.Megabytes:385.74609375|#Level:Host|#hostname:Arjuns-MacBook.local,timestamp:1692835803
2023-08-23T20:10:03,484 - MemoryUsed.Megabytes:679.890625|#Level:Host|#hostname:Arjuns-MacBook.local,timestamp:1692835803
2023-08-23T20:10:03,484 - MemoryUtilization.Percent:95.3|#Level:Host|#hostname:Arjuns-MacBook.local,timestamp:1692835803
2023-08-23T20:11:03,510 - CPUUtilization.Percent:100.0|#Level:Host|#hostname:Arjuns-MacBook.local,timestamp:1692835863
2023-08-23T20:11:03,510 - DiskAvailable.Gigabytes:67.66874313354492|#Level:Host|#hostname:Arjuns-MacBook.local,timestamp:1692835863
2023-08-23T20:11:03,511 - DiskUsage.Gigabytes:20.61410903930664|#Level:Host|#hostname:Arjuns-MacBook.local,timestamp:1692835863
2023-08-23T20:11:03,511 - DiskUtilization.Percent:23.4|#Level:Host|#hostname:Arjuns-MacBook.local,timestamp:1692835863
2023-08-23T20:11:03,511 - MemoryAvailable.Megabytes:364.05078125|#Level:Host|#hostname:Arjuns-MacBook.local,timestamp:1692835863
2023-08-23T20:11:03,511 - MemoryUsed.Megabytes:680.8828125|#Level:Host|#hostname:Arjuns-MacBook.local,timestamp:1692835863
2023-08-23T20:11:03,511 - MemoryUtilization.Percent:95.6|#Level:Host|#hostname:Arjuns-MacBook.local,timestamp:1692835863
2023-08-23T20:12:03,504 - CPUUtilization.Percent:0.0|#Level:Host|#hostname:Arjuns-MacBook.local,timestamp:1692835923
2023-08-23T20:12:03,504 - DiskAvailable.Gigabytes:67.66869354248047|#Level:Host|#hostname:Arjuns-MacBook.local,timestamp:1692835923
2023-08-23T20:12:03,504 - DiskUsage.Gigabytes:20.61410903930664|#Level:Host|#hostname:Arjuns-MacBook.local,timestamp:1692835923
2023-08-23T20:12:03,504 - DiskUtilization.Percent:23.4|#Level:Host|#hostname:Arjuns-MacBook.local,timestamp:1692835923
2023-08-23T20:12:03,504 - MemoryAvailable.Megabytes:380.4140625|#Level:Host|#hostname:Arjuns-MacBook.local,timestamp:1692835923
2023-08-23T20:12:03,504 - MemoryUsed.Megabytes:691.6875|#Level:Host|#hostname:Arjuns-MacBook.local,timestamp:1692835923
2023-08-23T20:12:03,504 - MemoryUtilization.Percent:95.4|#Level:Host|#hostname:Arjuns-MacBook.local,timestamp:1692835923
2023-08-23T20:13:03,517 - CPUUtilization.Percent:50.0|#Level:Host|#hostname:Arjuns-MacBook.local,timestamp:1692835983
2023-08-23T20:13:03,518 - DiskAvailable.Gigabytes:67.67095947265625|#Level:Host|#hostname:Arjuns-MacBook.local,timestamp:1692835983
2023-08-23T20:13:03,518 - DiskUsage.Gigabytes:20.61410903930664|#Level:Host|#hostname:Arjuns-MacBook.local,timestamp:1692835983
2023-08-23T20:13:03,518 - DiskUtilization.Percent:23.3|#Level:Host|#hostname:Arjuns-MacBook.local,timestamp:1692835983
2023-08-23T20:13:03,518 - MemoryAvailable.Megabytes:401.765625|#Level:Host|#hostname:Arjuns-MacBook.local,timestamp:1692835983
2023-08-23T20:13:03,518 - MemoryUsed.Megabytes:699.31640625|#Level:Host|#hostname:Arjuns-MacBook.local,timestamp:1692835983
2023-08-23T20:13:03,518 - MemoryUtilization.Percent:95.1|#Level:Host|#hostname:Arjuns-MacBook.local,timestamp:1692835983
2023-08-23T20:14:03,498 - CPUUtilization.Percent:0.0|#Level:Host|#hostname:Arjuns-MacBook.local,timestamp:1692836043
2023-08-23T20:14:03,499 - DiskAvailable.Gigabytes:67.66872024536133|#Level:Host|#hostname:Arjuns-MacBook.local,timestamp:1692836043
2023-08-23T20:14:03,499 - DiskUsage.Gigabytes:20.61410903930664|#Level:Host|#hostname:Arjuns-MacBook.local,timestamp:1692836043
2023-08-23T20:14:03,499 - DiskUtilization.Percent:23.4|#Level:Host|#hostname:Arjuns-MacBook.local,timestamp:1692836043
2023-08-23T20:14:03,499 - MemoryAvailable.Megabytes:405.8828125|#Level:Host|#hostname:Arjuns-MacBook.local,timestamp:1692836043
2023-08-23T20:14:03,499 - MemoryUsed.Megabytes:700.12890625|#Level:Host|#hostname:Arjuns-MacBook.local,timestamp:1692836043
2023-08-23T20:14:03,499 - MemoryUtilization.Percent:95.0|#Level:Host|#hostname:Arjuns-MacBook.local,timestamp:1692836043
2023-08-23T20:15:03,498 - CPUUtilization.Percent:0.0|#Level:Host|#hostname:Arjuns-MacBook.local,timestamp:1692836103
2023-08-23T20:15:03,498 - DiskAvailable.Gigabytes:67.66862106323242|#Level:Host|#hostname:Arjuns-MacBook.local,timestamp:1692836103
2023-08-23T20:15:03,498 - DiskUsage.Gigabytes:20.61410903930664|#Level:Host|#hostname:Arjuns-MacBook.local,timestamp:1692836103
2023-08-23T20:15:03,498 - DiskUtilization.Percent:23.4|#Level:Host|#hostname:Arjuns-MacBook.local,timestamp:1692836103
2023-08-23T20:15:03,498 - MemoryAvailable.Megabytes:398.75390625|#Level:Host|#hostname:Arjuns-MacBook.local,timestamp:1692836103
2023-08-23T20:15:03,498 - MemoryUsed.Megabytes:696.4765625|#Level:Host|#hostname:Arjuns-MacBook.local,timestamp:1692836103
2023-08-23T20:15:03,498 - MemoryUtilization.Percent:95.1|#Level:Host|#hostname:Arjuns-MacBook.local,timestamp:1692836103
2023-08-23T20:16:03,492 - CPUUtilization.Percent:0.0|#Level:Host|#hostname:Arjuns-MacBook.local,timestamp:1692836163
2023-08-23T20:16:03,492 - DiskAvailable.Gigabytes:67.66840744018555|#Level:Host|#hostname:Arjuns-MacBook.local,timestamp:1692836163
2023-08-23T20:16:03,492 - DiskUsage.Gigabytes:20.61410903930664|#Level:Host|#hostname:Arjuns-MacBook.local,timestamp:1692836163
2023-08-23T20:16:03,493 - DiskUtilization.Percent:23.4|#Level:Host|#hostname:Arjuns-MacBook.local,timestamp:1692836163
2023-08-23T20:16:03,493 - MemoryAvailable.Megabytes:406.52734375|#Level:Host|#hostname:Arjuns-MacBook.local,timestamp:1692836163
2023-08-23T20:16:03,493 - MemoryUsed.Megabytes:702.25390625|#Level:Host|#hostname:Arjuns-MacBook.local,timestamp:1692836163
2023-08-23T20:16:03,493 - MemoryUtilization.Percent:95.0|#Level:Host|#hostname:Arjuns-MacBook.local,timestamp:1692836163
2023-08-23T20:17:03,505 - CPUUtilization.Percent:0.0|#Level:Host|#hostname:Arjuns-MacBook.local,timestamp:1692836223
2023-08-23T20:17:03,505 - DiskAvailable.Gigabytes:67.66630935668945|#Level:Host|#hostname:Arjuns-MacBook.local,timestamp:1692836223
2023-08-23T20:17:03,505 - DiskUsage.Gigabytes:20.61410903930664|#Level:Host|#hostname:Arjuns-MacBook.local,timestamp:1692836223
2023-08-23T20:17:03,505 - DiskUtilization.Percent:23.4|#Level:Host|#hostname:Arjuns-MacBook.local,timestamp:1692836223
2023-08-23T20:17:03,505 - MemoryAvailable.Megabytes:354.61328125|#Level:Host|#hostname:Arjuns-MacBook.local,timestamp:1692836223
2023-08-23T20:17:03,506 - MemoryUsed.Megabytes:680.70703125|#Level:Host|#hostname:Arjuns-MacBook.local,timestamp:1692836223
2023-08-23T20:17:03,506 - MemoryUtilization.Percent:95.7|#Level:Host|#hostname:Arjuns-MacBook.local,timestamp:1692836223
2023-08-23T20:18:03,495 - CPUUtilization.Percent:100.0|#Level:Host|#hostname:Arjuns-MacBook.local,timestamp:1692836283
2023-08-23T20:18:03,495 - DiskAvailable.Gigabytes:67.66576385498047|#Level:Host|#hostname:Arjuns-MacBook.local,timestamp:1692836283
2023-08-23T20:18:03,495 - DiskUsage.Gigabytes:20.61410903930664|#Level:Host|#hostname:Arjuns-MacBook.local,timestamp:1692836283
2023-08-23T20:18:03,495 - DiskUtilization.Percent:23.4|#Level:Host|#hostname:Arjuns-MacBook.local,timestamp:1692836283
2023-08-23T20:18:03,495 - MemoryAvailable.Megabytes:357.0625|#Level:Host|#hostname:Arjuns-MacBook.local,timestamp:1692836283
2023-08-23T20:18:03,495 - MemoryUsed.Megabytes:658.36328125|#Level:Host|#hostname:Arjuns-MacBook.local,timestamp:1692836283
2023-08-23T20:18:03,495 - MemoryUtilization.Percent:95.6|#Level:Host|#hostname:Arjuns-MacBook.local,timestamp:1692836283
